
ROM used: 92 (1%)
          92 (1%) including unused fragments

          0 Average locations per line
          13 Average locations per statement

RAM used: 7 (2%) at main() level
          7 (2%) worst case

Stack used: 0 worst case (out of 8 total available)

Lines Stmts  %   Files
----- ----- ---  -----
   19     7 100  main.c
   21     0   0  main.h
  411     0   0  C:\Program Files (x86)\PICC\devices\16F887.h
----- -----
  451     7 Total

Page ROM  %  RAM   Vol Diff  Functions:
---- --- --- ---   --- ----  ----------
0     88  96   0   176  2.3  main

Program metrics:
    Functions               1
    Statements              7
    Comments                87
    Volume (V)              176
    Difficilty (D)          2.3
    Effort to implement (E) 397
    Time to implement (T)   0 minutes
    Est Delivered Bugs (B)  0
    Cyclomatic Complexity   1
    Maintainability (MI)    160

 Segment     Used  Free
-----------  ----  ----
00000-00003     4  0  
00004-007FF    88  1956  
00800-00FFF     0  2048  
01000-017FF     0  2048  
01800-01FFF     0  2048  



